<?xml version="1.0" encoding="UTF-8"?>
<coverage generated="1665350821105" clover="3.2.0">
  <project timestamp="1665350821105" name="All files">
    <metrics statements="20" coveredstatements="12" conditionals="12" coveredconditionals="12" methods="8" coveredmethods="3" elements="40" coveredelements="27" complexity="0" loc="20" ncloc="20" packages="2" files="3" classes="3"/>
    <package name="components">
      <metrics statements="16" coveredstatements="10" conditionals="12" coveredconditionals="12" methods="6" coveredmethods="3"/>
      <file name="RegistrationForm.js" path="/Users/reggiemenson/hello-world/projects/globetripper/frontend/src/components/RegistrationForm.js">
        <metrics statements="16" coveredstatements="10" conditionals="12" coveredconditionals="12" methods="6" coveredmethods="3"/>
        <line num="6" count="1" type="stmt"/>
        <line num="8" count="2" type="stmt"/>
        <line num="12" count="2" type="stmt"/>
        <line num="25" count="2" type="stmt"/>
        <line num="26" count="0" type="stmt"/>
        <line num="28" count="0" type="stmt"/>
        <line num="29" count="0" type="stmt"/>
        <line num="32" count="2" type="stmt"/>
        <line num="33" count="1" type="stmt"/>
        <line num="34" count="1" type="stmt"/>
        <line num="36" count="0" type="stmt"/>
        <line num="37" count="0" type="stmt"/>
        <line num="38" count="0" type="stmt"/>
        <line num="41" count="1" type="stmt"/>
        <line num="42" count="1" type="stmt"/>
        <line num="49" count="2" type="stmt"/>
      </file>
    </package>
    <package name="mocks">
      <metrics statements="4" coveredstatements="2" conditionals="0" coveredconditionals="0" methods="2" coveredmethods="0"/>
      <file name="handlers.js" path="/Users/reggiemenson/hello-world/projects/globetripper/frontend/src/mocks/handlers.js">
        <metrics statements="3" coveredstatements="1" conditionals="0" coveredconditionals="0" methods="2" coveredmethods="0"/>
        <line num="4" count="1" type="stmt"/>
        <line num="6" count="0" type="stmt"/>
        <line num="13" count="0" type="stmt"/>
      </file>
      <file name="server.js" path="/Users/reggiemenson/hello-world/projects/globetripper/frontend/src/mocks/server.js">
        <metrics statements="1" coveredstatements="1" conditionals="0" coveredconditionals="0" methods="0" coveredmethods="0"/>
        <line num="4" count="1" type="stmt"/>
      </file>
    </package>
  </project>
</coverage>
