{"/Users/reggiemenson/hello-world/projects/globetripper/frontend/src/components/RegistrationForm.js": {"path":"/Users/reggiemenson/hello-world/projects/globetripper/frontend/src/components/RegistrationForm.js","statementMap":{"0":{"start":{"line":6,"column":17},"end":{"line":209,"column":1}},"1":{"start":{"line":8,"column":19},"end":{"line":10,"column":6}},"2":{"start":{"line":8,"column":25},"end":{"line":10,"column":6}},"3":{"start":{"line":12,"column":36},"end":{"line":23,"column":6}},"4":{"start":{"line":25,"column":25},"end":{"line":30,"column":5}},"5":{"start":{"line":26,"column":21},"end":{"line":26,"column":74}},"6":{"start":{"line":28,"column":23},"end":{"line":28,"column":66}},"7":{"start":{"line":29,"column":8},"end":{"line":29,"column":37}},"8":{"start":{"line":32,"column":25},"end":{"line":46,"column":5}},"9":{"start":{"line":33,"column":8},"end":{"line":33,"column":26}},"10":{"start":{"line":34,"column":8},"end":{"line":45,"column":14}},"11":{"start":{"line":36,"column":16},"end":{"line":36,"column":24}},"12":{"start":{"line":37,"column":16},"end":{"line":37,"column":36}},"13":{"start":{"line":38,"column":16},"end":{"line":38,"column":29}},"14":{"start":{"line":41,"column":32},"end":{"line":41,"column":49}},"15":{"start":{"line":42,"column":16},"end":{"line":42,"column":68}},"16":{"start":{"line":49,"column":4},"end":{"line":208,"column":7}}},"fnMap":{"0":{"name":"(anonymous_0)","decl":{"start":{"line":6,"column":17},"end":{"line":6,"column":18}},"loc":{"start":{"line":6,"column":58},"end":{"line":209,"column":1}},"line":6},"1":{"name":"(anonymous_1)","decl":{"start":{"line":8,"column":19},"end":{"line":8,"column":20}},"loc":{"start":{"line":8,"column":25},"end":{"line":10,"column":6}},"line":8},"2":{"name":"(anonymous_2)","decl":{"start":{"line":25,"column":25},"end":{"line":25,"column":26}},"loc":{"start":{"line":25,"column":32},"end":{"line":30,"column":5}},"line":25},"3":{"name":"(anonymous_3)","decl":{"start":{"line":32,"column":25},"end":{"line":32,"column":26}},"loc":{"start":{"line":32,"column":32},"end":{"line":46,"column":5}},"line":32},"4":{"name":"(anonymous_4)","decl":{"start":{"line":35,"column":18},"end":{"line":35,"column":19}},"loc":{"start":{"line":35,"column":24},"end":{"line":39,"column":13}},"line":35},"5":{"name":"(anonymous_5)","decl":{"start":{"line":40,"column":19},"end":{"line":40,"column":20}},"loc":{"start":{"line":40,"column":26},"end":{"line":45,"column":13}},"line":40}},"branchMap":{"0":{"loc":{"start":{"line":72,"column":29},"end":{"line":74,"column":36}},"type":"binary-expr","locations":[{"start":{"line":72,"column":29},"end":{"line":72,"column":53}},{"start":{"line":72,"column":57},"end":{"line":74,"column":36}}],"line":72},"1":{"loc":{"start":{"line":93,"column":29},"end":{"line":95,"column":36}},"type":"binary-expr","locations":[{"start":{"line":93,"column":29},"end":{"line":93,"column":55}},{"start":{"line":93,"column":59},"end":{"line":95,"column":36}}],"line":93},"2":{"loc":{"start":{"line":112,"column":29},"end":{"line":114,"column":36}},"type":"binary-expr","locations":[{"start":{"line":112,"column":29},"end":{"line":112,"column":54}},{"start":{"line":112,"column":58},"end":{"line":114,"column":36}}],"line":112},"3":{"loc":{"start":{"line":134,"column":29},"end":{"line":136,"column":36}},"type":"binary-expr","locations":[{"start":{"line":134,"column":29},"end":{"line":134,"column":50}},{"start":{"line":134,"column":54},"end":{"line":136,"column":36}}],"line":134},"4":{"loc":{"start":{"line":155,"column":29},"end":{"line":157,"column":36}},"type":"binary-expr","locations":[{"start":{"line":155,"column":29},"end":{"line":155,"column":53}},{"start":{"line":155,"column":57},"end":{"line":157,"column":36}}],"line":155},"5":{"loc":{"start":{"line":176,"column":29},"end":{"line":178,"column":36}},"type":"binary-expr","locations":[{"start":{"line":176,"column":29},"end":{"line":176,"column":66}},{"start":{"line":176,"column":70},"end":{"line":178,"column":36}}],"line":176}},"s":{"0":1,"1":2,"2":0,"3":2,"4":2,"5":0,"6":0,"7":0,"8":2,"9":1,"10":1,"11":0,"12":0,"13":0,"14":1,"15":1,"16":2},"f":{"0":2,"1":0,"2":0,"3":1,"4":0,"5":1},"b":{"0":[2,1],"1":[2,1],"2":[2,1],"3":[2,1],"4":[2,1],"5":[2,1]},"_coverageSchema":"1a1c01bbd47fc00a2c39e90264f33305004495a9","hash":"57c497bec3ee3b31420fe00a43ec742b760288a2"}
,"/Users/reggiemenson/hello-world/projects/globetripper/frontend/src/mocks/handlers.js": {"path":"/Users/reggiemenson/hello-world/projects/globetripper/frontend/src/mocks/handlers.js","statementMap":{"0":{"start":{"line":4,"column":24},"end":{"line":20,"column":1}},"1":{"start":{"line":6,"column":8},"end":{"line":10,"column":15}},"2":{"start":{"line":13,"column":8},"end":{"line":18,"column":15}}},"fnMap":{"0":{"name":"(anonymous_0)","decl":{"start":{"line":5,"column":31},"end":{"line":5,"column":32}},"loc":{"start":{"line":5,"column":50},"end":{"line":11,"column":5}},"line":5},"1":{"name":"(anonymous_1)","decl":{"start":{"line":12,"column":28},"end":{"line":12,"column":29}},"loc":{"start":{"line":12,"column":47},"end":{"line":19,"column":5}},"line":12}},"branchMap":{},"s":{"0":1,"1":0,"2":0},"f":{"0":0,"1":0},"b":{},"_coverageSchema":"1a1c01bbd47fc00a2c39e90264f33305004495a9","hash":"2a92b30c74c46be236a31c5179717e6cb7fd27b5"}
,"/Users/reggiemenson/hello-world/projects/globetripper/frontend/src/mocks/server.js": {"path":"/Users/reggiemenson/hello-world/projects/globetripper/frontend/src/mocks/server.js","statementMap":{"0":{"start":{"line":4,"column":22},"end":{"line":4,"column":46}}},"fnMap":{},"branchMap":{},"s":{"0":1},"f":{},"b":{},"_coverageSchema":"1a1c01bbd47fc00a2c39e90264f33305004495a9","hash":"2c9da99577b13525c5d26e8d187cd2fb50674f06"}
}
