{"/Users/reggiemenson/hello-world/projects/globetripper/frontend/src/components/RegistrationForm.js": {"path":"/Users/reggiemenson/hello-world/projects/globetripper/frontend/src/components/RegistrationForm.js","statementMap":{"0":{"start":{"line":6,"column":17},"end":{"line":208,"column":1}},"1":{"start":{"line":8,"column":19},"end":{"line":10,"column":6}},"2":{"start":{"line":8,"column":25},"end":{"line":10,"column":6}},"3":{"start":{"line":12,"column":36},"end":{"line":23,"column":6}},"4":{"start":{"line":25,"column":25},"end":{"line":30,"column":5}},"5":{"start":{"line":26,"column":21},"end":{"line":26,"column":74}},"6":{"start":{"line":28,"column":23},"end":{"line":28,"column":66}},"7":{"start":{"line":29,"column":8},"end":{"line":29,"column":37}},"8":{"start":{"line":32,"column":25},"end":{"line":45,"column":5}},"9":{"start":{"line":33,"column":8},"end":{"line":33,"column":26}},"10":{"start":{"line":34,"column":8},"end":{"line":44,"column":14}},"11":{"start":{"line":36,"column":16},"end":{"line":36,"column":24}},"12":{"start":{"line":37,"column":16},"end":{"line":37,"column":36}},"13":{"start":{"line":38,"column":16},"end":{"line":38,"column":29}},"14":{"start":{"line":41,"column":16},"end":{"line":41,"column":71}},"15":{"start":{"line":48,"column":4},"end":{"line":207,"column":7}}},"fnMap":{"0":{"name":"(anonymous_0)","decl":{"start":{"line":6,"column":17},"end":{"line":6,"column":18}},"loc":{"start":{"line":6,"column":58},"end":{"line":208,"column":1}},"line":6},"1":{"name":"(anonymous_1)","decl":{"start":{"line":8,"column":19},"end":{"line":8,"column":20}},"loc":{"start":{"line":8,"column":25},"end":{"line":10,"column":6}},"line":8},"2":{"name":"(anonymous_2)","decl":{"start":{"line":25,"column":25},"end":{"line":25,"column":26}},"loc":{"start":{"line":25,"column":32},"end":{"line":30,"column":5}},"line":25},"3":{"name":"(anonymous_3)","decl":{"start":{"line":32,"column":25},"end":{"line":32,"column":26}},"loc":{"start":{"line":32,"column":32},"end":{"line":45,"column":5}},"line":32},"4":{"name":"(anonymous_4)","decl":{"start":{"line":35,"column":18},"end":{"line":35,"column":19}},"loc":{"start":{"line":35,"column":24},"end":{"line":39,"column":13}},"line":35},"5":{"name":"(anonymous_5)","decl":{"start":{"line":40,"column":19},"end":{"line":40,"column":20}},"loc":{"start":{"line":40,"column":26},"end":{"line":44,"column":13}},"line":40}},"branchMap":{"0":{"loc":{"start":{"line":71,"column":29},"end":{"line":73,"column":36}},"type":"binary-expr","locations":[{"start":{"line":71,"column":29},"end":{"line":71,"column":53}},{"start":{"line":71,"column":57},"end":{"line":73,"column":36}}],"line":71},"1":{"loc":{"start":{"line":92,"column":29},"end":{"line":94,"column":36}},"type":"binary-expr","locations":[{"start":{"line":92,"column":29},"end":{"line":92,"column":55}},{"start":{"line":92,"column":59},"end":{"line":94,"column":36}}],"line":92},"2":{"loc":{"start":{"line":111,"column":29},"end":{"line":113,"column":36}},"type":"binary-expr","locations":[{"start":{"line":111,"column":29},"end":{"line":111,"column":54}},{"start":{"line":111,"column":58},"end":{"line":113,"column":36}}],"line":111},"3":{"loc":{"start":{"line":133,"column":29},"end":{"line":135,"column":36}},"type":"binary-expr","locations":[{"start":{"line":133,"column":29},"end":{"line":133,"column":50}},{"start":{"line":133,"column":54},"end":{"line":135,"column":36}}],"line":133},"4":{"loc":{"start":{"line":154,"column":29},"end":{"line":156,"column":36}},"type":"binary-expr","locations":[{"start":{"line":154,"column":29},"end":{"line":154,"column":53}},{"start":{"line":154,"column":57},"end":{"line":156,"column":36}}],"line":154},"5":{"loc":{"start":{"line":175,"column":29},"end":{"line":177,"column":36}},"type":"binary-expr","locations":[{"start":{"line":175,"column":29},"end":{"line":175,"column":66}},{"start":{"line":175,"column":70},"end":{"line":177,"column":36}}],"line":175}},"s":{"0":1,"1":2,"2":0,"3":2,"4":2,"5":0,"6":0,"7":0,"8":2,"9":1,"10":1,"11":0,"12":0,"13":0,"14":1,"15":2},"f":{"0":2,"1":0,"2":0,"3":1,"4":0,"5":1},"b":{"0":[2,1],"1":[2,1],"2":[2,1],"3":[2,1],"4":[2,1],"5":[2,1]},"_coverageSchema":"1a1c01bbd47fc00a2c39e90264f33305004495a9","hash":"c9f343a02565d06e47bdfc579ff022bda599619f"}
}
