TN:
SF:frontend/src/components/RegistrationForm.js
FN:6,(anonymous_0)
FN:8,(anonymous_1)
FN:25,(anonymous_2)
FN:32,(anonymous_3)
FN:35,(anonymous_4)
FN:40,(anonymous_5)
FNF:6
FNH:3
FNDA:2,(anonymous_0)
FNDA:0,(anonymous_1)
FNDA:0,(anonymous_2)
FNDA:1,(anonymous_3)
FNDA:0,(anonymous_4)
FNDA:1,(anonymous_5)
DA:6,1
DA:8,2
DA:12,2
DA:25,2
DA:26,0
DA:28,0
DA:29,0
DA:32,2
DA:33,1
DA:34,1
DA:36,0
DA:37,0
DA:38,0
DA:41,1
DA:48,2
LF:15
LH:9
BRDA:71,0,0,2
BRDA:71,0,1,1
BRDA:92,1,0,2
BRDA:92,1,1,1
BRDA:111,2,0,2
BRDA:111,2,1,1
BRDA:133,3,0,2
BRDA:133,3,1,1
BRDA:154,4,0,2
BRDA:154,4,1,1
BRDA:175,5,0,2
BRDA:175,5,1,1
BRF:12
BRH:12
end_of_record
