TN:
SF:frontend/src/components/RegistrationForm.js
FN:6,(anonymous_0)
FN:8,(anonymous_1)
FN:25,(anonymous_2)
FN:32,(anonymous_3)
FN:35,(anonymous_4)
FN:40,(anonymous_5)
FNF:6
FNH:3
FNDA:2,(anonymous_0)
FNDA:0,(anonymous_1)
FNDA:0,(anonymous_2)
FNDA:1,(anonymous_3)
FNDA:0,(anonymous_4)
FNDA:1,(anonymous_5)
DA:6,1
DA:8,2
DA:12,2
DA:25,2
DA:26,0
DA:28,0
DA:29,0
DA:32,2
DA:33,1
DA:34,1
DA:36,0
DA:37,0
DA:38,0
DA:41,1
DA:42,1
DA:49,2
LF:16
LH:10
BRDA:72,0,0,2
BRDA:72,0,1,1
BRDA:93,1,0,2
BRDA:93,1,1,1
BRDA:112,2,0,2
BRDA:112,2,1,1
BRDA:134,3,0,2
BRDA:134,3,1,1
BRDA:155,4,0,2
BRDA:155,4,1,1
BRDA:176,5,0,2
BRDA:176,5,1,1
BRF:12
BRH:12
end_of_record
TN:
SF:frontend/src/mocks/handlers.js
FN:5,(anonymous_0)
FN:12,(anonymous_1)
FNF:2
FNH:0
FNDA:0,(anonymous_0)
FNDA:0,(anonymous_1)
DA:4,1
DA:6,0
DA:13,0
LF:3
LH:1
BRF:0
BRH:0
end_of_record
TN:
SF:frontend/src/mocks/server.js
FNF:0
FNH:0
DA:4,1
LF:1
LH:1
BRF:0
BRH:0
end_of_record
